<?xml version="1.0" encoding="UTF-8"?>
<!-- Generated by org.testng.reporters.JUnitReportReporter -->
<testsuite hostname="80e65026a410" name="com.application.tests.LoginLogout" tests="1" failures="0" timestamp="2 Jun 2015 13:53:22 GMT" time="5.379" errors="0">
  <testcase name="testLoginLogout" time="5.379" classname="com.application.tests.LoginLogout"/>
</testsuite> <!-- com.application.tests.LoginLogout -->
