<?xml version="1.0" encoding="UTF-8"?>
<!-- Generated by org.testng.reporters.JUnitReportReporter -->
<testsuite hostname="80e65026a410" name="com.application.tests.CreateBillingTest" tests="1" failures="0" timestamp="2 Jun 2015 13:53:22 GMT" time="7.674" errors="0">
  <testcase name="testCreateBilling" time="7.674" classname="com.application.tests.CreateBillingTest"/>
</testsuite> <!-- com.application.tests.CreateBillingTest -->
